Analysis & Synthesis report for UART_top
Tue Feb 25 17:18:41 2020
Quartus Prime Version 18.1.0 Build 625 09/12/2018 SJ Standard Edition


---------------------
; Table of Contents ;
---------------------
  1. Legal Notice
  2. Analysis & Synthesis Summary
  3. Analysis & Synthesis Settings
  4. Parallel Compilation
  5. Analysis & Synthesis Source Files Read
  6. Analysis & Synthesis Resource Usage Summary
  7. Analysis & Synthesis Resource Utilization by Entity
  8. State Machine - |UART_top|UART:controller1|UART_RX:uart_rx_i|rx_pstate
  9. State Machine - |UART_top|UART:controller1|UART_TX:uart_tx_i|tx_pstate
 10. Registers Removed During Synthesis
 11. Removed Registers Triggering Further Register Optimizations
 12. General Register Statistics
 13. Multiplexer Restructuring Statistics (Restructuring Performed)
 14. Parameter Settings for User Entity Instance: UART:controller1
 15. Parameter Settings for User Entity Instance: UART:controller1|UART_TX:uart_tx_i
 16. Parameter Settings for User Entity Instance: UART:controller1|UART_RX:uart_rx_i
 17. Port Connectivity Checks: "UART:controller1"
 18. Post-Synthesis Netlist Statistics for Top Partition
 19. Elapsed Time Per Partition
 20. Analysis & Synthesis Messages



----------------
; Legal Notice ;
----------------
Copyright (C) 2018  Intel Corporation. All rights reserved.
Your use of Intel Corporation's design tools, logic functions 
and other software and tools, and its AMPP partner logic 
functions, and any output files from any of the foregoing 
(including device programming or simulation files), and any 
associated documentation or information are expressly subject 
to the terms and conditions of the Intel Program License 
Subscription Agreement, the Intel Quartus Prime License Agreement,
the Intel FPGA IP License Agreement, or other applicable license
agreement, including, without limitation, that your use is for
the sole purpose of programming logic devices manufactured by
Intel and sold by Intel or its authorized distributors.  Please
refer to the applicable agreement for further details.



+-----------------------------------------------------------------------------------+
; Analysis & Synthesis Summary                                                      ;
+---------------------------------+-------------------------------------------------+
; Analysis & Synthesis Status     ; Successful - Tue Feb 25 17:18:41 2020           ;
; Quartus Prime Version           ; 18.1.0 Build 625 09/12/2018 SJ Standard Edition ;
; Revision Name                   ; UART_top                                        ;
; Top-level Entity Name           ; UART_top                                        ;
; Family                          ; Cyclone V                                       ;
; Logic utilization (in ALMs)     ; N/A                                             ;
; Total registers                 ; 22                                              ;
; Total pins                      ; 5                                               ;
; Total virtual pins              ; 0                                               ;
; Total block memory bits         ; 0                                               ;
; Total DSP Blocks                ; 0                                               ;
; Total HSSI RX PCSs              ; 0                                               ;
; Total HSSI PMA RX Deserializers ; 0                                               ;
; Total HSSI TX PCSs              ; 0                                               ;
; Total HSSI PMA TX Serializers   ; 0                                               ;
; Total PLLs                      ; 0                                               ;
; Total DLLs                      ; 0                                               ;
+---------------------------------+-------------------------------------------------+


+---------------------------------------------------------------------------------------------------------------------------+
; Analysis & Synthesis Settings                                                                                             ;
+---------------------------------------------------------------------------------+--------------------+--------------------+
; Option                                                                          ; Setting            ; Default Value      ;
+---------------------------------------------------------------------------------+--------------------+--------------------+
; Device                                                                          ; 5CSEMA5F31C6       ;                    ;
; Top-level entity name                                                           ; UART_top           ; UART_top           ;
; Family name                                                                     ; Cyclone V          ; Cyclone V          ;
; Use smart compilation                                                           ; Off                ; Off                ;
; Enable parallel Assembler and Timing Analyzer during compilation                ; On                 ; On                 ;
; Enable compact report table                                                     ; Off                ; Off                ;
; Restructure Multiplexers                                                        ; Auto               ; Auto               ;
; MLAB Add Timing Constraints For Mixed-Port Feed-Through Mode Setting Don't Care ; Off                ; Off                ;
; Create Debugging Nodes for IP Cores                                             ; Off                ; Off                ;
; Preserve fewer node names                                                       ; On                 ; On                 ;
; Intel FPGA IP Evaluation Mode                                                   ; Enable             ; Enable             ;
; Verilog Version                                                                 ; Verilog_2001       ; Verilog_2001       ;
; VHDL Version                                                                    ; VHDL_1993          ; VHDL_1993          ;
; State Machine Processing                                                        ; Auto               ; Auto               ;
; Safe State Machine                                                              ; Off                ; Off                ;
; Extract Verilog State Machines                                                  ; On                 ; On                 ;
; Extract VHDL State Machines                                                     ; On                 ; On                 ;
; Ignore Verilog initial constructs                                               ; Off                ; Off                ;
; Iteration limit for constant Verilog loops                                      ; 5000               ; 5000               ;
; Iteration limit for non-constant Verilog loops                                  ; 250                ; 250                ;
; Add Pass-Through Logic to Inferred RAMs                                         ; On                 ; On                 ;
; Infer RAMs from Raw Logic                                                       ; On                 ; On                 ;
; Parallel Synthesis                                                              ; On                 ; On                 ;
; DSP Block Balancing                                                             ; Auto               ; Auto               ;
; NOT Gate Push-Back                                                              ; On                 ; On                 ;
; Power-Up Don't Care                                                             ; On                 ; On                 ;
; Remove Redundant Logic Cells                                                    ; Off                ; Off                ;
; Remove Duplicate Registers                                                      ; On                 ; On                 ;
; Ignore CARRY Buffers                                                            ; Off                ; Off                ;
; Ignore CASCADE Buffers                                                          ; Off                ; Off                ;
; Ignore GLOBAL Buffers                                                           ; Off                ; Off                ;
; Ignore ROW GLOBAL Buffers                                                       ; Off                ; Off                ;
; Ignore LCELL Buffers                                                            ; Off                ; Off                ;
; Ignore SOFT Buffers                                                             ; On                 ; On                 ;
; Limit AHDL Integers to 32 Bits                                                  ; Off                ; Off                ;
; Optimization Technique                                                          ; Balanced           ; Balanced           ;
; Carry Chain Length                                                              ; 70                 ; 70                 ;
; Auto Carry Chains                                                               ; On                 ; On                 ;
; Auto Open-Drain Pins                                                            ; On                 ; On                 ;
; Perform WYSIWYG Primitive Resynthesis                                           ; Off                ; Off                ;
; Auto ROM Replacement                                                            ; On                 ; On                 ;
; Auto RAM Replacement                                                            ; On                 ; On                 ;
; Auto DSP Block Replacement                                                      ; On                 ; On                 ;
; Auto Shift Register Replacement                                                 ; Auto               ; Auto               ;
; Allow Shift Register Merging across Hierarchies                                 ; Auto               ; Auto               ;
; Auto Clock Enable Replacement                                                   ; On                 ; On                 ;
; Strict RAM Replacement                                                          ; Off                ; Off                ;
; Allow Synchronous Control Signals                                               ; On                 ; On                 ;
; Force Use of Synchronous Clear Signals                                          ; Off                ; Off                ;
; Auto Resource Sharing                                                           ; Off                ; Off                ;
; Allow Any RAM Size For Recognition                                              ; Off                ; Off                ;
; Allow Any ROM Size For Recognition                                              ; Off                ; Off                ;
; Allow Any Shift Register Size For Recognition                                   ; Off                ; Off                ;
; Use LogicLock Constraints during Resource Balancing                             ; On                 ; On                 ;
; Ignore translate_off and synthesis_off directives                               ; Off                ; Off                ;
; Timing-Driven Synthesis                                                         ; On                 ; On                 ;
; Report Parameter Settings                                                       ; On                 ; On                 ;
; Report Source Assignments                                                       ; On                 ; On                 ;
; Report Connectivity Checks                                                      ; On                 ; On                 ;
; Ignore Maximum Fan-Out Assignments                                              ; Off                ; Off                ;
; Synchronization Register Chain Length                                           ; 3                  ; 3                  ;
; Power Optimization During Synthesis                                             ; Normal compilation ; Normal compilation ;
; HDL message level                                                               ; Level2             ; Level2             ;
; Suppress Register Optimization Related Messages                                 ; Off                ; Off                ;
; Number of Removed Registers Reported in Synthesis Report                        ; 5000               ; 5000               ;
; Number of Swept Nodes Reported in Synthesis Report                              ; 5000               ; 5000               ;
; Number of Inverted Registers Reported in Synthesis Report                       ; 100                ; 100                ;
; Clock MUX Protection                                                            ; On                 ; On                 ;
; Auto Gated Clock Conversion                                                     ; Off                ; Off                ;
; Block Design Naming                                                             ; Auto               ; Auto               ;
; SDC constraint protection                                                       ; Off                ; Off                ;
; Synthesis Effort                                                                ; Auto               ; Auto               ;
; Shift Register Replacement - Allow Asynchronous Clear Signal                    ; On                 ; On                 ;
; Pre-Mapping Resynthesis Optimization                                            ; Off                ; Off                ;
; Analysis & Synthesis Message Level                                              ; Medium             ; Medium             ;
; Disable Register Merging Across Hierarchies                                     ; Auto               ; Auto               ;
; Resource Aware Inference For Block RAM                                          ; On                 ; On                 ;
; Automatic Parallel Synthesis                                                    ; On                 ; On                 ;
; Partial Reconfiguration Bitstream ID                                            ; Off                ; Off                ;
+---------------------------------------------------------------------------------+--------------------+--------------------+


+------------------------------------------+
; Parallel Compilation                     ;
+----------------------------+-------------+
; Processors                 ; Number      ;
+----------------------------+-------------+
; Number detected on machine ; 8           ;
; Maximum allowed            ; 4           ;
;                            ;             ;
; Average used               ; 1.00        ;
; Maximum used               ; 4           ;
;                            ;             ;
; Usage by Processor         ; % Time Used ;
;     Processor 1            ; 100.0%      ;
;     Processors 2-4         ;   0.0%      ;
+----------------------------+-------------+


+-----------------------------------------------------------------------------------------------------------------------------+
; Analysis & Synthesis Source Files Read                                                                                      ;
+----------------------------------+-----------------+-----------------+--------------------------------------------+---------+
; File Name with User-Entered Path ; Used in Netlist ; File Type       ; File Name with Absolute Path               ; Library ;
+----------------------------------+-----------------+-----------------+--------------------------------------------+---------+
; UARTIP/uart_tx.vhd               ; yes             ; User VHDL File  ; H:/4thYear/FYP/UART/UARTIP/uart_tx.vhd     ;         ;
; UARTIP/uart_rx.vhd               ; yes             ; User VHDL File  ; H:/4thYear/FYP/UART/UARTIP/uart_rx.vhd     ;         ;
; UARTIP/uart_parity.vhd           ; yes             ; User VHDL File  ; H:/4thYear/FYP/UART/UARTIP/uart_parity.vhd ;         ;
; UARTIP/uart.vhd                  ; yes             ; User VHDL File  ; H:/4thYear/FYP/UART/UARTIP/uart.vhd        ;         ;
; UART_top.vhd                     ; yes             ; User VHDL File  ; H:/4thYear/FYP/UART/UART_top.vhd           ;         ;
+----------------------------------+-----------------+-----------------+--------------------------------------------+---------+


+---------------------------------------------------------+
; Analysis & Synthesis Resource Usage Summary             ;
+---------------------------------------------+-----------+
; Resource                                    ; Usage     ;
+---------------------------------------------+-----------+
; Estimate of Logic utilization (ALMs needed) ; 17        ;
;                                             ;           ;
; Combinational ALUT usage for logic          ; 25        ;
;     -- 7 input functions                    ; 1         ;
;     -- 6 input functions                    ; 8         ;
;     -- 5 input functions                    ; 3         ;
;     -- 4 input functions                    ; 5         ;
;     -- <=3 input functions                  ; 8         ;
;                                             ;           ;
; Dedicated logic registers                   ; 22        ;
;                                             ;           ;
; I/O pins                                    ; 5         ;
;                                             ;           ;
; Total DSP Blocks                            ; 0         ;
;                                             ;           ;
; Maximum fan-out node                        ; CLK~input ;
; Maximum fan-out                             ; 22        ;
; Total fan-out                               ; 173       ;
; Average fan-out                             ; 3.04      ;
+---------------------------------------------+-----------+


+-----------------------------------------------------------------------------------------------------------------------------------------------------------------------------------------------------------------+
; Analysis & Synthesis Resource Utilization by Entity                                                                                                                                                             ;
+----------------------------+---------------------+---------------------------+-------------------+------------+------+--------------+----------------------------------------------+-------------+--------------+
; Compilation Hierarchy Node ; Combinational ALUTs ; Dedicated Logic Registers ; Block Memory Bits ; DSP Blocks ; Pins ; Virtual Pins ; Full Hierarchy Name                          ; Entity Name ; Library Name ;
+----------------------------+---------------------+---------------------------+-------------------+------------+------+--------------+----------------------------------------------+-------------+--------------+
; |UART_top                  ; 25 (1)              ; 22 (1)                    ; 0                 ; 0          ; 5    ; 0            ; |UART_top                                    ; UART_top    ; work         ;
;    |UART:controller1|      ; 24 (6)              ; 21 (6)                    ; 0                 ; 0          ; 0    ; 0            ; |UART_top|UART:controller1                   ; UART        ; work         ;
;       |UART_TX:uart_tx_i|  ; 18 (18)             ; 15 (15)                   ; 0                 ; 0          ; 0    ; 0            ; |UART_top|UART:controller1|UART_TX:uart_tx_i ; UART_TX     ; work         ;
+----------------------------+---------------------+---------------------------+-------------------+------------+------+--------------+----------------------------------------------+-------------+--------------+
Note: For table entries with two numbers listed, the numbers in parentheses indicate the number of resources of the given type used by the specific entity alone. The numbers listed outside of parentheses indicate the total resources of the given type used by the specific entity and all of its sub-entities in the hierarchy.


Encoding Type:  One-Hot
+--------------------------------------------------------------------------------------------------------------------------+
; State Machine - |UART_top|UART:controller1|UART_RX:uart_rx_i|rx_pstate                                                   ;
+---------------------+-------------------+---------------------+--------------------+--------------------+----------------+
; Name                ; rx_pstate.stopbit ; rx_pstate.paritybit ; rx_pstate.databits ; rx_pstate.startbit ; rx_pstate.idle ;
+---------------------+-------------------+---------------------+--------------------+--------------------+----------------+
; rx_pstate.idle      ; 0                 ; 0                   ; 0                  ; 0                  ; 0              ;
; rx_pstate.startbit  ; 0                 ; 0                   ; 0                  ; 1                  ; 1              ;
; rx_pstate.databits  ; 0                 ; 0                   ; 1                  ; 0                  ; 1              ;
; rx_pstate.paritybit ; 0                 ; 1                   ; 0                  ; 0                  ; 1              ;
; rx_pstate.stopbit   ; 1                 ; 0                   ; 0                  ; 0                  ; 1              ;
+---------------------+-------------------+---------------------+--------------------+--------------------+----------------+


Encoding Type:  One-Hot
+---------------------------------------------------------------------------------------------------------------------------------------------+
; State Machine - |UART_top|UART:controller1|UART_TX:uart_tx_i|tx_pstate                                                                      ;
+---------------------+-------------------+---------------------+--------------------+--------------------+------------------+----------------+
; Name                ; tx_pstate.stopbit ; tx_pstate.paritybit ; tx_pstate.databits ; tx_pstate.startbit ; tx_pstate.txsync ; tx_pstate.idle ;
+---------------------+-------------------+---------------------+--------------------+--------------------+------------------+----------------+
; tx_pstate.idle      ; 0                 ; 0                   ; 0                  ; 0                  ; 0                ; 0              ;
; tx_pstate.txsync    ; 0                 ; 0                   ; 0                  ; 0                  ; 1                ; 1              ;
; tx_pstate.startbit  ; 0                 ; 0                   ; 0                  ; 1                  ; 0                ; 1              ;
; tx_pstate.databits  ; 0                 ; 0                   ; 1                  ; 0                  ; 0                ; 1              ;
; tx_pstate.paritybit ; 0                 ; 1                   ; 0                  ; 0                  ; 0                ; 1              ;
; tx_pstate.stopbit   ; 1                 ; 0                   ; 0                  ; 0                  ; 0                ; 1              ;
+---------------------+-------------------+---------------------+--------------------+--------------------+------------------+----------------+


+--------------------------------------------------------------------------------------------------------------------+
; Registers Removed During Synthesis                                                                                 ;
+--------------------------------------------------------+-----------------------------------------------------------+
; Register name                                          ; Reason for Removal                                        ;
+--------------------------------------------------------+-----------------------------------------------------------+
; UART:controller1|UART_TX:uart_tx_i|tx_data[2..5,7]     ; Merged with UART:controller1|UART_TX:uart_tx_i|tx_data[1] ;
; UART:controller1|UART_TX:uart_tx_i|tx_data[6]          ; Merged with UART:controller1|UART_TX:uart_tx_i|tx_data[0] ;
; UART:controller1|UART_TX:uart_tx_i|tx_data[1]          ; Stuck at GND due to stuck port data_in                    ;
; UART:controller1|UART_RX:uart_rx_i|rx_clk_en           ; Lost fanout                                               ;
; UART:controller1|uart_rxd_debounced                    ; Lost fanout                                               ;
; UART:controller1|UART_RX:uart_rx_i|rx_bit_count[0..2]  ; Lost fanout                                               ;
; UART:controller1|UART_RX:uart_rx_i|rx_ticks[0..3]      ; Lost fanout                                               ;
; UART:controller1|uart_rxd_shreg[0..3]                  ; Lost fanout                                               ;
; UART:controller1|UART_RX:uart_rx_i|rx_pstate.idle      ; Lost fanout                                               ;
; UART:controller1|UART_RX:uart_rx_i|rx_pstate.startbit  ; Lost fanout                                               ;
; UART:controller1|UART_RX:uart_rx_i|rx_pstate.databits  ; Lost fanout                                               ;
; UART:controller1|UART_RX:uart_rx_i|rx_pstate.paritybit ; Lost fanout                                               ;
; UART:controller1|UART_RX:uart_rx_i|rx_pstate.stopbit   ; Lost fanout                                               ;
; UART:controller1|UART_TX:uart_tx_i|tx_pstate.paritybit ; Stuck at GND due to stuck port data_in                    ;
; Total Number of Removed Registers = 26                 ;                                                           ;
+--------------------------------------------------------+-----------------------------------------------------------+


+---------------------------------------------------------------------------------------------------------------------------------------------------+
; Removed Registers Triggering Further Register Optimizations                                                                                       ;
+----------------------------------------------------+--------------------+-------------------------------------------------------------------------+
; Register name                                      ; Reason for Removal ; Registers Removed due to This Register                                  ;
+----------------------------------------------------+--------------------+-------------------------------------------------------------------------+
; UART:controller1|UART_RX:uart_rx_i|rx_clk_en       ; Lost Fanouts       ; UART:controller1|UART_RX:uart_rx_i|rx_ticks[0],                         ;
;                                                    ;                    ; UART:controller1|UART_RX:uart_rx_i|rx_ticks[1],                         ;
;                                                    ;                    ; UART:controller1|UART_RX:uart_rx_i|rx_ticks[2],                         ;
;                                                    ;                    ; UART:controller1|UART_RX:uart_rx_i|rx_ticks[3],                         ;
;                                                    ;                    ; UART:controller1|UART_RX:uart_rx_i|rx_pstate.idle                       ;
; UART:controller1|uart_rxd_debounced                ; Lost Fanouts       ; UART:controller1|uart_rxd_shreg[1], UART:controller1|uart_rxd_shreg[0], ;
;                                                    ;                    ; UART:controller1|uart_rxd_shreg[2], UART:controller1|uart_rxd_shreg[3]  ;
; UART:controller1|UART_RX:uart_rx_i|rx_bit_count[0] ; Lost Fanouts       ; UART:controller1|UART_RX:uart_rx_i|rx_pstate.databits                   ;
+----------------------------------------------------+--------------------+-------------------------------------------------------------------------+


+------------------------------------------------------+
; General Register Statistics                          ;
+----------------------------------------------+-------+
; Statistic                                    ; Value ;
+----------------------------------------------+-------+
; Total registers                              ; 22    ;
; Number of registers using Synchronous Clear  ; 5     ;
; Number of registers using Synchronous Load   ; 1     ;
; Number of registers using Asynchronous Clear ; 0     ;
; Number of registers using Asynchronous Load  ; 0     ;
; Number of registers using Clock Enable       ; 7     ;
; Number of registers using Preset             ; 0     ;
+----------------------------------------------+-------+


+----------------------------------------------------------------------------------------------------------------------------------------------------------------------------+
; Multiplexer Restructuring Statistics (Restructuring Performed)                                                                                                             ;
+--------------------+-----------+---------------+----------------------+------------------------+------------+--------------------------------------------------------------+
; Multiplexer Inputs ; Bus Width ; Baseline Area ; Area if Restructured ; Saving if Restructured ; Registered ; Example Multiplexer Output                                   ;
+--------------------+-----------+---------------+----------------------+------------------------+------------+--------------------------------------------------------------+
; 3:1                ; 5 bits    ; 10 LEs        ; 10 LEs               ; 0 LEs                  ; Yes        ; |UART_top|UART:controller1|uart_ticks[3]                     ;
; 4:1                ; 3 bits    ; 6 LEs         ; 6 LEs                ; 0 LEs                  ; Yes        ; |UART_top|UART:controller1|UART_RX:uart_rx_i|rx_bit_count[1] ;
; 4:1                ; 3 bits    ; 6 LEs         ; 6 LEs                ; 0 LEs                  ; Yes        ; |UART_top|UART:controller1|UART_TX:uart_tx_i|tx_bit_count[0] ;
; 4:1                ; 4 bits    ; 8 LEs         ; 8 LEs                ; 0 LEs                  ; Yes        ; |UART_top|UART:controller1|UART_RX:uart_rx_i|rx_ticks[0]     ;
; 4:1                ; 4 bits    ; 8 LEs         ; 8 LEs                ; 0 LEs                  ; Yes        ; |UART_top|UART:controller1|UART_TX:uart_tx_i|tx_ticks[0]     ;
+--------------------+-----------+---------------+----------------------+------------------------+------------+--------------------------------------------------------------+


+---------------------------------------------------------------+
; Parameter Settings for User Entity Instance: UART:controller1 ;
+----------------+----------+-----------------------------------+
; Parameter Name ; Value    ; Type                              ;
+----------------+----------+-----------------------------------+
; CLK_FREQ       ; 50000000 ; Signed Integer                    ;
; BAUD_RATE      ; 115200   ; Signed Integer                    ;
; PARITY_BIT     ; none     ; String                            ;
+----------------+----------+-----------------------------------+
Note: In order to hide this table in the UI and the text report file, please set the "Show Parameter Settings in Synthesis Report" option in "Analysis and Synthesis Settings -> More Settings" to "Off".


+---------------------------------------------------------------------------------+
; Parameter Settings for User Entity Instance: UART:controller1|UART_TX:uart_tx_i ;
+----------------+-------+--------------------------------------------------------+
; Parameter Name ; Value ; Type                                                   ;
+----------------+-------+--------------------------------------------------------+
; parity_bit     ; none  ; String                                                 ;
+----------------+-------+--------------------------------------------------------+
Note: In order to hide this table in the UI and the text report file, please set the "Show Parameter Settings in Synthesis Report" option in "Analysis and Synthesis Settings -> More Settings" to "Off".


+---------------------------------------------------------------------------------+
; Parameter Settings for User Entity Instance: UART:controller1|UART_RX:uart_rx_i ;
+----------------+-------+--------------------------------------------------------+
; Parameter Name ; Value ; Type                                                   ;
+----------------+-------+--------------------------------------------------------+
; parity_bit     ; none  ; String                                                 ;
+----------------+-------+--------------------------------------------------------+
Note: In order to hide this table in the UI and the text report file, please set the "Show Parameter Settings in Synthesis Report" option in "Analysis and Synthesis Settings -> More Settings" to "Off".


+----------------------------------------------------------------------------------------------------------------------------------------------+
; Port Connectivity Checks: "UART:controller1"                                                                                                 ;
+---------------+--------+----------+----------------------------------------------------------------------------------------------------------+
; Port          ; Type   ; Severity ; Details                                                                                                  ;
+---------------+--------+----------+----------------------------------------------------------------------------------------------------------+
; data_in[5..1] ; Input  ; Info     ; Stuck at GND                                                                                             ;
; data_in[7]    ; Input  ; Info     ; Stuck at GND                                                                                             ;
; data_in[6]    ; Input  ; Info     ; Stuck at VCC                                                                                             ;
; data_in[0]    ; Input  ; Info     ; Stuck at VCC                                                                                             ;
; data_out      ; Output ; Warning  ; Declared by entity but not connected by instance. Logic that only feeds a dangling port will be removed. ;
; data_vld      ; Output ; Warning  ; Declared by entity but not connected by instance. Logic that only feeds a dangling port will be removed. ;
; frame_error   ; Output ; Warning  ; Declared by entity but not connected by instance. Logic that only feeds a dangling port will be removed. ;
+---------------+--------+----------+----------------------------------------------------------------------------------------------------------+


+-----------------------------------------------------+
; Post-Synthesis Netlist Statistics for Top Partition ;
+-----------------------+-----------------------------+
; Type                  ; Count                       ;
+-----------------------+-----------------------------+
; arriav_ff             ; 22                          ;
;     ENA               ; 6                           ;
;     ENA SCLR          ; 1                           ;
;     SCLR              ; 4                           ;
;     SLD               ; 1                           ;
;     plain             ; 10                          ;
; arriav_lcell_comb     ; 26                          ;
;     extend            ; 1                           ;
;         7 data inputs ; 1                           ;
;     normal            ; 25                          ;
;         1 data inputs ; 1                           ;
;         2 data inputs ; 5                           ;
;         3 data inputs ; 3                           ;
;         4 data inputs ; 5                           ;
;         5 data inputs ; 3                           ;
;         6 data inputs ; 8                           ;
; boundary_port         ; 5                           ;
;                       ;                             ;
; Max LUT depth         ; 2.00                        ;
; Average LUT depth     ; 1.04                        ;
+-----------------------+-----------------------------+


+-------------------------------+
; Elapsed Time Per Partition    ;
+----------------+--------------+
; Partition Name ; Elapsed Time ;
+----------------+--------------+
; Top            ; 00:00:00     ;
+----------------+--------------+


+-------------------------------+
; Analysis & Synthesis Messages ;
+-------------------------------+
Info: *******************************************************************
Info: Running Quartus Prime Analysis & Synthesis
    Info: Version 18.1.0 Build 625 09/12/2018 SJ Standard Edition
    Info: Processing started: Tue Feb 25 17:18:29 2020
Info: Command: quartus_map --read_settings_files=on --write_settings_files=off UARTtest -c UART_top
Warning (18236): Number of processors has not been specified which may cause overloading on shared machines.  Set the global assignment NUM_PARALLEL_PROCESSORS in your QSF to an appropriate value for best performance.
Info (20030): Parallel compilation is enabled and will use 4 of the 4 processors detected
Info (12021): Found 2 design units, including 1 entities, in source file uartip/uart_tx.vhd
    Info (12022): Found design unit 1: UART_TX-FULL File: H:/4thYear/FYP/UART/UARTIP/uart_tx.vhd Line: 31
    Info (12023): Found entity 1: UART_TX File: H:/4thYear/FYP/UART/UARTIP/uart_tx.vhd Line: 14
Info (12021): Found 2 design units, including 1 entities, in source file uartip/uart_rx.vhd
    Info (12022): Found design unit 1: UART_RX-FULL File: H:/4thYear/FYP/UART/UARTIP/uart_rx.vhd Line: 31
    Info (12023): Found entity 1: UART_RX File: H:/4thYear/FYP/UART/UARTIP/uart_rx.vhd Line: 14
Info (12021): Found 2 design units, including 1 entities, in source file uartip/uart_parity.vhd
    Info (12022): Found design unit 1: UART_PARITY-FULL File: H:/4thYear/FYP/UART/UARTIP/uart_parity.vhd Line: 25
    Info (12023): Found entity 1: UART_PARITY File: H:/4thYear/FYP/UART/UARTIP/uart_parity.vhd Line: 14
Info (12021): Found 2 design units, including 1 entities, in source file uartip/uart.vhd
    Info (12022): Found design unit 1: UART-FULL File: H:/4thYear/FYP/UART/UARTIP/uart.vhd Line: 40
    Info (12023): Found entity 1: UART File: H:/4thYear/FYP/UART/UARTIP/uart.vhd Line: 17
Info (12021): Found 2 design units, including 1 entities, in source file uart_top.vhd
    Info (12022): Found design unit 1: UART_top-testing File: H:/4thYear/FYP/UART/UART_top.vhd Line: 17
    Info (12023): Found entity 1: UART_top File: H:/4thYear/FYP/UART/UART_top.vhd Line: 6
Info (12127): Elaborating entity "UART_top" for the top level hierarchy
Info (12128): Elaborating entity "UART" for hierarchy "UART:controller1" File: H:/4thYear/FYP/UART/UART_top.vhd Line: 45
Info (12128): Elaborating entity "UART_TX" for hierarchy "UART:controller1|UART_TX:uart_tx_i" File: H:/4thYear/FYP/UART/UARTIP/uart.vhd Line: 95
Info (12128): Elaborating entity "UART_RX" for hierarchy "UART:controller1|UART_RX:uart_rx_i" File: H:/4thYear/FYP/UART/UARTIP/uart.vhd Line: 115
Warning (10036): Verilog HDL or VHDL warning at uart_rx.vhd(42): object "rx_parity_check_en" assigned a value but never read File: H:/4thYear/FYP/UART/UARTIP/uart_rx.vhd Line: 42
Warning (13046): Tri-state node(s) do not directly drive top-level pin(s)
    Warning (13049): Converted tri-state buffer "UART:controller1|UART_TX:uart_tx_i|tx_parity_bit" feeding internal logic into a wire File: H:/4thYear/FYP/UART/UARTIP/uart_tx.vhd Line: 40
Warning (12241): 1 hierarchies have connectivity warnings - see the Connectivity Checks report folder
Info (286030): Timing-Driven Synthesis is running
Info (17049): 18 registers lost all their fanouts during netlist optimizations.
Info (16010): Generating hard_block partition "hard_block:auto_generated_inst"
    Info (16011): Adding 0 node(s), including 0 DDIO, 0 PLL, 0 transceiver and 0 LCELL
Warning (21074): Design contains 1 input pin(s) that do not drive logic
    Warning (15610): No output dependent on input pin "RX_IN" File: H:/4thYear/FYP/UART/UART_top.vhd Line: 9
Info (21057): Implemented 30 device resources after synthesis - the final resource count might be different
    Info (21058): Implemented 3 input pins
    Info (21059): Implemented 2 output pins
    Info (21061): Implemented 25 logic cells
Info: Quartus Prime Analysis & Synthesis was successful. 0 errors, 7 warnings
    Info: Peak virtual memory: 4878 megabytes
    Info: Processing ended: Tue Feb 25 17:18:41 2020
    Info: Elapsed time: 00:00:12
    Info: Total CPU time (on all processors): 00:00:22


